<?xml version="1.0" encoding="UTF-8"?>
<testng-results ignored="0" total="1" passed="1" failed="0" skipped="0">
  <reporter-output>
  </reporter-output>
  <suite started-at="2020-11-26T08:34:15 IST" name="Default suite" finished-at="2020-11-26T08:34:28 IST" duration-ms="13318">
    <groups>
    </groups>
    <test started-at="2020-11-26T08:34:15 IST" name="Default test" finished-at="2020-11-26T08:34:28 IST" duration-ms="13318">
      <class name="com.testing.keyword.ExecuteTest">
        <test-method signature="testLogin()[pri:0, instance:com.testing.keyword.ExecuteTest@11a9e7c8]" started-at="2020-11-26T08:34:15 IST" name="testLogin" finished-at="2020-11-26T08:34:28 IST" duration-ms="13226" status="PASS">
          <reporter-output>
          </reporter-output>
        </test-method> <!-- testLogin -->
      </class> <!-- com.testing.keyword.ExecuteTest -->
    </test> <!-- Default test -->
  </suite> <!-- Default suite -->
</testng-results>
